<?xml version="1.0" encoding="utf-8"?><testsuites name="pytest tests"><testsuite name="pytest" errors="0" failures="0" skipped="0" tests="20" time="4.736" timestamp="2025-10-24T19:09:25.687957+02:00" hostname="MacBook-Pro"><testcase classname="tests.test_aggregations" name="test_calculate_basic_metrics" time="0.013" /><testcase classname="tests.test_aggregations" name="test_calculate_all_metrics_groups_expected_sections" time="0.010" /><testcase classname="tests.test_aggregations" name="test_calculate_agent_metrics_returns_sorted_dataframe" time="0.011" /><testcase classname="tests.test_aggregations" name="test_calculate_all_metrics_handles_empty_dataframe" time="0.001" /><testcase classname="tests.test_llm_integration" name="test_llm_revenue_query" time="0.007" /><testcase classname="tests.test_llm_integration" name="test_llm_query_no_context" time="0.001" /><testcase classname="tests.test_llm_integration" name="test_semantic_search_integration" time="0.001" /><testcase classname="tests.test_llm_integration" name="test_revenue_queries[Find calls with revenue over 75000-1-75000]" time="0.001" /><testcase classname="tests.test_llm_integration" name="test_revenue_queries[Show me all high value deals-2-0]" time="0.001" /><testcase classname="tests.test_llm_integration" name="test_llm_error_handling" time="0.002" /><testcase classname="tests.test_text_processing" name="test_clean_text_removes_noise" time="0.001" /><testcase classname="tests.test_text_processing" name="test_extract_keywords_ignores_stopwords" time="0.001" /><testcase classname="tests.test_text_processing" name="test_calculate_similarity_identical_texts[jaccard]" time="0.001" /><testcase classname="tests.test_text_processing" name="test_calculate_similarity_identical_texts[cosine]" time="0.001" /><testcase classname="tests.test_text_processing" name="test_calculate_similarity_identical_texts[levenshtein]" time="0.001" /><testcase classname="tests.test_text_processing" name="test_calculate_similarity_invalid_method" time="0.001" /><testcase classname="tests.test_text_processing" name="test_mask_pii_replaces_sensitive_tokens" time="0.001" /><testcase classname="tests.tools.test_requirements_tracker" name="test_list_requirements_returns_seeded_data" time="0.042" /><testcase classname="tests.tools.test_requirements_tracker" name="test_create_and_update_requirement" time="0.026" /><testcase classname="tests.tools.test_requirements_tracker" name="test_delete_requirement" time="0.024" /></testsuite></testsuites>